

Started GET "/" for 127.0.0.1 at 2022-03-18 17:51:12 +0530

SyntaxError (/home/ganesh/Desktop/Hello_Wolrd/app/controllers/application_controller.rb:7: syntax error, unexpected ':', expecting keyword_end
    render: text "Hello World! from Ganes
           ^):
  app/controllers/application_controller.rb:7: syntax error, unexpected ':', expecting keyword_end


  Rendered /usr/share/rvm/gems/ruby-2.4.4/gems/actionpack-4.2.10/lib/action_dispatch/middleware/templates/rescues/_source.erb (13.0ms)
  Rendered /usr/share/rvm/gems/ruby-2.4.4/gems/actionpack-4.2.10/lib/action_dispatch/middleware/templates/rescues/_trace.html.erb (7.1ms)
  Rendered /usr/share/rvm/gems/ruby-2.4.4/gems/actionpack-4.2.10/lib/action_dispatch/middleware/templates/rescues/_request_and_response.html.erb (26.5ms)
  Rendered /usr/share/rvm/gems/ruby-2.4.4/gems/actionpack-4.2.10/lib/action_dispatch/middleware/templates/rescues/diagnostics.html.erb within rescues/layout (94.5ms)
  Rendered /usr/share/rvm/gems/ruby-2.4.4/gems/web-console-2.3.0/lib/web_console/templates/_markup.html.erb (1.1ms)
  Rendered /usr/share/rvm/gems/ruby-2.4.4/gems/web-console-2.3.0/lib/web_console/templates/_inner_console_markup.html.erb within layouts/inlined_string (1.1ms)
  Rendered /usr/share/rvm/gems/ruby-2.4.4/gems/web-console-2.3.0/lib/web_console/templates/_prompt_box_markup.html.erb within layouts/inlined_string (0.8ms)
  Rendered /usr/share/rvm/gems/ruby-2.4.4/gems/web-console-2.3.0/lib/web_console/templates/style.css.erb within layouts/inlined_string (0.9ms)
  Rendered /usr/share/rvm/gems/ruby-2.4.4/gems/web-console-2.3.0/lib/web_console/templates/console.js.erb within layouts/javascript (87.6ms)
  Rendered /usr/share/rvm/gems/ruby-2.4.4/gems/web-console-2.3.0/lib/web_console/templates/main.js.erb within layouts/javascript (1.0ms)
  Rendered /usr/share/rvm/gems/ruby-2.4.4/gems/web-console-2.3.0/lib/web_console/templates/error_page.js.erb within layouts/javascript (1.0ms)
  Rendered /usr/share/rvm/gems/ruby-2.4.4/gems/web-console-2.3.0/lib/web_console/templates/index.html.erb (163.9ms)


Started GET "/" for 127.0.0.1 at 2022-03-18 17:52:19 +0530
Processing by ApplicationController#index as HTML
  Rendered text template (0.1ms)
Completed 200 OK in 63ms (Views: 61.4ms)
